<?xml version="1.0" encoding="UTF-8"?>
<!-- Generated by org.testng.reporters.JUnitReportReporter -->
<testsuite hostname="DESKTOP-R9NNO27" failures="0" tests="2" name="testPack.VerifyLoginTestng" time="5.636" errors="0" timestamp="2023-10-13T01:06:05 IST" skipped="0">
  <testcase classname="testPack.VerifyLoginTestng" name="logOut" time="1.853"/>
  <testcase classname="testPack.VerifyLoginTestng" name="logOut" time="3.783"/>
</testsuite> <!-- testPack.VerifyLoginTestng -->
