<?xml version="1.0" encoding="UTF-8"?>
<!-- Generated by org.testng.reporters.JUnitReportReporter -->
<testsuite hostname="DESKTOP-R9NNO27" failures="0" tests="4" name="testPack.VerifyCheckoutAndConyinueShoopingTestng" time="18.407" errors="0" timestamp="2023-10-13T01:06:05 IST" skipped="0">
  <testcase classname="testPack.VerifyCheckoutAndConyinueShoopingTestng" name="toVerifyCheckoutPage" time="5.751"/>
  <testcase classname="testPack.VerifyCheckoutAndConyinueShoopingTestng" name="toVerifyCheckoutPage" time="5.449"/>
  <testcase classname="testPack.VerifyCheckoutAndConyinueShoopingTestng" name="toVerifyContinueShopping" time="4.233"/>
  <testcase classname="testPack.VerifyCheckoutAndConyinueShoopingTestng" name="toVerifyContinueShopping" time="2.974"/>
</testsuite> <!-- testPack.VerifyCheckoutAndConyinueShoopingTestng -->
